
*** Running vivado
    with args -log blk_mem_gen_0.vds -m64 -product Vivado -mode batch -messageDb vivado.pb -notrace -source blk_mem_gen_0.tcl



****** Vivado v2024.1 (64-bit)
  **** SW Build 5076996 on Wed May 22 18:37:14 MDT 2024
  **** IP Build 5075265 on Wed May 22 21:45:21 MDT 2024
  **** SharedData Build 5076995 on Wed May 22 18:29:18 MDT 2024
  **** Start of session at: Wed Nov 12 11:07:06 2025
    ** Copyright 1986-2022 Xilinx, Inc. All Rights Reserved.
    ** Copyright 2022-2024 Advanced Micro Devices, Inc. All Rights Reserved.

source blk_mem_gen_0.tcl -notrace
create_project: Time (s): cpu = 00:00:26 ; elapsed = 00:00:27 . Memory (MB): peak = 531.098 ; gain = 200.426
INFO: [IP_Flow 19-6924] IPCACHE: Running cache check for IP inst: blk_mem_gen_0
INFO: [IP_Flow 19-6922] IPCACHE: Exporting cached entry 6516841d921215a0 to dir: D:/C/fac3/sem1/ssc/PROIECT_SSC/PROIECT_SSC.runs/blk_mem_gen_0_synth_1
INFO: [IP_Flow 19-6928] IPCACHE: copied cached file d:/C/fac3/sem1/ssc/PROIECT_SSC/PROIECT_SSC.cache/ip/2024.1/6/5/6516841d921215a0/blk_mem_gen_2.dcp to D:/C/fac3/sem1/ssc/PROIECT_SSC/PROIECT_SSC.runs/blk_mem_gen_0_synth_1/blk_mem_gen_0.dcp.
INFO: [IP_Flow 19-6928] IPCACHE: copied cached file d:/C/fac3/sem1/ssc/PROIECT_SSC/PROIECT_SSC.cache/ip/2024.1/6/5/6516841d921215a0/blk_mem_gen_2_sim_netlist.v to D:/C/fac3/sem1/ssc/PROIECT_SSC/PROIECT_SSC.runs/blk_mem_gen_0_synth_1/blk_mem_gen_0_sim_netlist.v.
INFO: [IP_Flow 19-6928] IPCACHE: copied cached file d:/C/fac3/sem1/ssc/PROIECT_SSC/PROIECT_SSC.cache/ip/2024.1/6/5/6516841d921215a0/blk_mem_gen_2_sim_netlist.vhdl to D:/C/fac3/sem1/ssc/PROIECT_SSC/PROIECT_SSC.runs/blk_mem_gen_0_synth_1/blk_mem_gen_0_sim_netlist.vhdl.
INFO: [IP_Flow 19-6928] IPCACHE: copied cached file d:/C/fac3/sem1/ssc/PROIECT_SSC/PROIECT_SSC.cache/ip/2024.1/6/5/6516841d921215a0/blk_mem_gen_2_stub.v to D:/C/fac3/sem1/ssc/PROIECT_SSC/PROIECT_SSC.runs/blk_mem_gen_0_synth_1/blk_mem_gen_0_stub.v.
INFO: [IP_Flow 19-6928] IPCACHE: copied cached file d:/C/fac3/sem1/ssc/PROIECT_SSC/PROIECT_SSC.cache/ip/2024.1/6/5/6516841d921215a0/blk_mem_gen_2_stub.vhdl to D:/C/fac3/sem1/ssc/PROIECT_SSC/PROIECT_SSC.runs/blk_mem_gen_0_synth_1/blk_mem_gen_0_stub.vhdl.
INFO: [IP_Flow 19-4838] Using cached IP synthesis design for IP blk_mem_gen_0, cache-ID = 6516841d921215a0.
INFO: [Common 17-206] Exiting Vivado at Wed Nov 12 11:07:49 2025...
