
*** Running vivado
    with args -log design_1_axi_bram_ctrl_3_0.vds -m64 -product Vivado -mode batch -messageDb vivado.pb -notrace -source design_1_axi_bram_ctrl_3_0.tcl



****** Vivado v2024.1 (64-bit)
  **** SW Build 5076996 on Wed May 22 18:37:14 MDT 2024
  **** IP Build 5075265 on Wed May 22 21:45:21 MDT 2024
  **** SharedData Build 5076995 on Wed May 22 18:29:18 MDT 2024
  **** Start of session at: Mon Nov 10 19:18:53 2025
    ** Copyright 1986-2022 Xilinx, Inc. All Rights Reserved.
    ** Copyright 2022-2024 Advanced Micro Devices, Inc. All Rights Reserved.

source design_1_axi_bram_ctrl_3_0.tcl -notrace
create_project: Time (s): cpu = 00:00:08 ; elapsed = 00:00:09 . Memory (MB): peak = 531.098 ; gain = 202.105
INFO: [IP_Flow 19-6924] IPCACHE: Running cache check for IP inst: design_1_axi_bram_ctrl_3_0
INFO: [IP_Flow 19-6922] IPCACHE: Exporting cached entry be49f1b22ed0ce57 to dir: D:/C/fac3/sem1/ssc/PROIECT_SSC/PROIECT_SSC.runs/design_1_axi_bram_ctrl_3_0_synth_1
INFO: [IP_Flow 19-6928] IPCACHE: copied cached file d:/C/fac3/sem1/ssc/PROIECT_SSC/PROIECT_SSC.cache/ip/2024.1/b/e/be49f1b22ed0ce57/design_1_axi_bram_ctrl_0_3.dcp to D:/C/fac3/sem1/ssc/PROIECT_SSC/PROIECT_SSC.runs/design_1_axi_bram_ctrl_3_0_synth_1/design_1_axi_bram_ctrl_3_0.dcp.
INFO: [IP_Flow 19-6928] IPCACHE: copied cached file d:/C/fac3/sem1/ssc/PROIECT_SSC/PROIECT_SSC.cache/ip/2024.1/b/e/be49f1b22ed0ce57/design_1_axi_bram_ctrl_0_3_sim_netlist.v to D:/C/fac3/sem1/ssc/PROIECT_SSC/PROIECT_SSC.runs/design_1_axi_bram_ctrl_3_0_synth_1/design_1_axi_bram_ctrl_3_0_sim_netlist.v.
INFO: [IP_Flow 19-6928] IPCACHE: copied cached file d:/C/fac3/sem1/ssc/PROIECT_SSC/PROIECT_SSC.cache/ip/2024.1/b/e/be49f1b22ed0ce57/design_1_axi_bram_ctrl_0_3_sim_netlist.vhdl to D:/C/fac3/sem1/ssc/PROIECT_SSC/PROIECT_SSC.runs/design_1_axi_bram_ctrl_3_0_synth_1/design_1_axi_bram_ctrl_3_0_sim_netlist.vhdl.
INFO: [IP_Flow 19-6928] IPCACHE: copied cached file d:/C/fac3/sem1/ssc/PROIECT_SSC/PROIECT_SSC.cache/ip/2024.1/b/e/be49f1b22ed0ce57/design_1_axi_bram_ctrl_0_3_stub.v to D:/C/fac3/sem1/ssc/PROIECT_SSC/PROIECT_SSC.runs/design_1_axi_bram_ctrl_3_0_synth_1/design_1_axi_bram_ctrl_3_0_stub.v.
INFO: [IP_Flow 19-6928] IPCACHE: copied cached file d:/C/fac3/sem1/ssc/PROIECT_SSC/PROIECT_SSC.cache/ip/2024.1/b/e/be49f1b22ed0ce57/design_1_axi_bram_ctrl_0_3_stub.vhdl to D:/C/fac3/sem1/ssc/PROIECT_SSC/PROIECT_SSC.runs/design_1_axi_bram_ctrl_3_0_synth_1/design_1_axi_bram_ctrl_3_0_stub.vhdl.
INFO: [IP_Flow 19-4838] Using cached IP synthesis design for IP design_1_axi_bram_ctrl_3_0, cache-ID = be49f1b22ed0ce57.
INFO: [Common 17-206] Exiting Vivado at Mon Nov 10 19:19:06 2025...
