
*** Running vivado
    with args -log design_1_axi_bram_ctrl_0_1.vds -m64 -product Vivado -mode batch -messageDb vivado.pb -notrace -source design_1_axi_bram_ctrl_0_1.tcl



****** Vivado v2024.1 (64-bit)
  **** SW Build 5076996 on Wed May 22 18:37:14 MDT 2024
  **** IP Build 5075265 on Wed May 22 21:45:21 MDT 2024
  **** SharedData Build 5076995 on Wed May 22 18:29:18 MDT 2024
  **** Start of session at: Mon Nov 17 12:52:32 2025
    ** Copyright 1986-2022 Xilinx, Inc. All Rights Reserved.
    ** Copyright 2022-2024 Advanced Micro Devices, Inc. All Rights Reserved.

source design_1_axi_bram_ctrl_0_1.tcl -notrace
create_project: Time (s): cpu = 00:00:20 ; elapsed = 00:00:27 . Memory (MB): peak = 513.680 ; gain = 202.410
INFO: [IP_Flow 19-6924] IPCACHE: Running cache check for IP inst: design_1_axi_bram_ctrl_0_1
INFO: [IP_Flow 19-6922] IPCACHE: Exporting cached entry 294d8128b1148376 to dir: C:/Users/feste/Desktop/SSC_lab8/SSC_lab8.runs/design_1_axi_bram_ctrl_0_1_synth_1
INFO: [IP_Flow 19-6928] IPCACHE: copied cached file c:/Users/feste/Desktop/SSC_lab8/SSC_lab8.cache/ip/2024.1/2/9/294d8128b1148376/design_1_axi_bram_ctrl_0_0.dcp to C:/Users/feste/Desktop/SSC_lab8/SSC_lab8.runs/design_1_axi_bram_ctrl_0_1_synth_1/design_1_axi_bram_ctrl_0_1.dcp.
INFO: [IP_Flow 19-6928] IPCACHE: copied cached file c:/Users/feste/Desktop/SSC_lab8/SSC_lab8.cache/ip/2024.1/2/9/294d8128b1148376/design_1_axi_bram_ctrl_0_0_sim_netlist.v to C:/Users/feste/Desktop/SSC_lab8/SSC_lab8.runs/design_1_axi_bram_ctrl_0_1_synth_1/design_1_axi_bram_ctrl_0_1_sim_netlist.v.
INFO: [IP_Flow 19-6928] IPCACHE: copied cached file c:/Users/feste/Desktop/SSC_lab8/SSC_lab8.cache/ip/2024.1/2/9/294d8128b1148376/design_1_axi_bram_ctrl_0_0_sim_netlist.vhdl to C:/Users/feste/Desktop/SSC_lab8/SSC_lab8.runs/design_1_axi_bram_ctrl_0_1_synth_1/design_1_axi_bram_ctrl_0_1_sim_netlist.vhdl.
INFO: [IP_Flow 19-6928] IPCACHE: copied cached file c:/Users/feste/Desktop/SSC_lab8/SSC_lab8.cache/ip/2024.1/2/9/294d8128b1148376/design_1_axi_bram_ctrl_0_0_stub.v to C:/Users/feste/Desktop/SSC_lab8/SSC_lab8.runs/design_1_axi_bram_ctrl_0_1_synth_1/design_1_axi_bram_ctrl_0_1_stub.v.
INFO: [IP_Flow 19-6928] IPCACHE: copied cached file c:/Users/feste/Desktop/SSC_lab8/SSC_lab8.cache/ip/2024.1/2/9/294d8128b1148376/design_1_axi_bram_ctrl_0_0_stub.vhdl to C:/Users/feste/Desktop/SSC_lab8/SSC_lab8.runs/design_1_axi_bram_ctrl_0_1_synth_1/design_1_axi_bram_ctrl_0_1_stub.vhdl.
INFO: [IP_Flow 19-4838] Using cached IP synthesis design for IP design_1_axi_bram_ctrl_0_1, cache-ID = 294d8128b1148376.
INFO: [Common 17-206] Exiting Vivado at Mon Nov 17 12:53:20 2025...
